<?xml version="1.0" encoding="utf-8"?><testsuites name="pytest tests"><testsuite name="pytest" errors="0" failures="1" skipped="0" tests="77" time="169.778" timestamp="2026-09-06T11:03:06.409126+00:00" hostname="agent-env-d4458330-6800-44e8-83f6-67c8f176fa67"><testcase classname="tests.backend_test.TestLeadActions" name="test_yes_creates_ecp_reg1_and_second_yes_rejected" time="53.213" /><testcase classname="tests.backend_test.TestLeadActions" name="test_no_requires_reason_and_other_requires_remarks" time="1.477" /><testcase classname="tests.backend_test.TestLeadActions" name="test_followup_past_rejected_future_ok" time="0.337" /><testcase classname="tests.backend_test.TestLeadActions" name="test_site_visit_flow" time="1.328" /><testcase classname="tests.backend_test.TestLeadActions" name="test_escalation_and_owner_return" time="0.912" /><testcase classname="tests.backend_test.TestLeadActions" name="test_only_owner_reopen_lost" time="0.604" /><testcase classname="tests.test_issues_7_to_19.TestIssue7LeadEmployeeMaster" name="test_owner_only_create" time="3.210" /><testcase classname="tests.test_issues_7_to_19.TestIssue7LeadEmployeeMaster" name="test_get_allowed_roles" time="0.792" /><testcase classname="tests.test_issues_7_to_19.TestIssue7LeadEmployeeMaster" name="test_active_only_filter" time="8.771" /><testcase classname="tests.test_issues_7_to_19.TestIssue7LeadEmployeeMaster" name="test_lead_creator_snapshot_on_lead_and_ecp" time="1.284" /><testcase classname="tests.test_issues_1_to_6.TestIssue5InstallHandoff" name="test_full_handoff_and_rbac" time="95.120" /><testcase classname="tests.test_issues_7_to_19.TestIssue7LeadEmployeeMaster" name="test_invalid_lead_creator_rejected" time="0.109" /><testcase classname="tests.test_issues_7_to_19.TestIssue15PhoneMandatory" name="test_create_user_without_phone_400" time="0.111" /><testcase classname="tests.test_issues_7_to_19.TestIssue15PhoneMandatory" name="test_create_user_with_empty_phone_400" time="0.110" /><testcase classname="tests.test_issues_7_to_19.TestIssue15PhoneMandatory" name="test_create_with_phone_and_get" time="0.499" /><testcase classname="tests.test_issues_7_to_19.TestIssue15PhoneMandatory" name="test_patch_phone_update" time="0.452" /><testcase classname="tests.test_issues_7_to_19.TestIssue15PhoneMandatory" name="test_seed_users_without_phone_still_login" time="0.204" /><testcase classname="tests.test_issues_7_to_19.TestIssue16Activities" name="test_owner_only" time="0.792" /><testcase classname="tests.test_issues_7_to_19.TestIssue16Activities" name="test_default_returns_ist_today_only" time="0.299" /><testcase classname="tests.test_issues_7_to_19.TestIssue16Activities" name="test_filter_by_team" time="0.115" /><testcase classname="tests.test_issues_7_to_19.TestIssue16Activities" name="test_activities_logged_for_key_events" time="19.972" /><testcase classname="tests.backend_test.TestAuth" name="test_login_all_seeded" time="21.809" /><testcase classname="tests.test_issues_1_to_6.TestIssue5InstallHandoff" name="test_non_assignee_installer_403" time="40.384" /><testcase classname="tests.backend_test.TestAuth" name="test_login_invalid" time="0.341" /><testcase classname="tests.backend_test.TestAuth" name="test_me" time="0.104" /><testcase classname="tests.backend_test.TestPayments" name="test_only_accounts_creates" time="1.075" /><testcase classname="tests.backend_test.TestPayments" name="test_additional_multiple_allowed" time="0.441" /><testcase classname="tests.backend_test.TestPayments" name="test_monitor_rbac" time="0.825" /><testcase classname="tests.test_issues_7_to_19.TestIssue8LeadStatusFilter" name="test_status_filter_pending" time="2.931" /><testcase classname="tests.test_issues_7_to_19.TestIssue8LeadStatusFilter" name="test_status_filter_followup" time="0.364" /><testcase classname="tests.test_issues_7_to_19.TestIssue8LeadStatusFilter" name="test_status_filter_lost" time="0.341" /><testcase classname="tests.test_issues_7_to_19.TestIssue17CSVExport" name="test_owner_only" time="0.742" /><testcase classname="tests.test_issues_7_to_19.TestIssue17CSVExport" name="test_default_excludes_money" time="0.124" /><testcase classname="tests.test_issues_7_to_19.TestIssue17CSVExport" name="test_include_money" time="0.110" /><testcase classname="tests.backend_test.TestLeadRBAC" name="test_non_lead_forbidden" time="0.594" /><testcase classname="tests.backend_test.TestLeadRBAC" name="test_lead_creates_pending" time="0.110" /><testcase classname="tests.backend_test.TestECPFlow" name="test_reg1_financing_tasks_block_and_autoadvance" time="1.595" /><testcase classname="tests.backend_test.TestECPFlow" name="test_full_pipeline_no_financing" time="4.781" /><testcase classname="tests.test_audit_spec.TestAuthHardening" name="test_protected_endpoints_401_without_token" time="1.024" /><testcase classname="tests.test_audit_spec.TestAuthHardening" name="test_login_invalid_401" time="0.340" /><testcase classname="tests.test_audit_spec.TestOwnerCannotDecideLeadAction" name="test_owner_forbidden_on_all_five_actions" time="3.524" /><testcase classname="tests.test_issues_1_to_6.TestIssue5InstallHandoff" name="test_installer_only_sees_own_assigned_via_list" time="2.889" /><testcase classname="tests.test_audit_spec.TestOwnerCannotDecideLeadAction" name="test_manager_also_forbidden" time="0.223" /><testcase classname="tests.test_audit_spec.TestOwnerOnlyEndpoints" name="test_users_owner_only" time="1.709" /><testcase classname="tests.test_audit_spec.TestOwnerOnlyEndpoints" name="test_sla_put_owner_only" time="0.780" /><testcase classname="tests.test_issues_1_to_6.TestIssue5InstallHandoff" name="test_manager_dashboard_has_awaiting_count" time="3.520" /><testcase classname="tests.test_issues_1_to_6.TestIssue6TeamListing" name="test_owner_manager_get_installation_team" time="2.600" /><testcase classname="tests.test_issues_1_to_6.TestIssue6TeamListing" name="test_others_forbidden" time="0.557" /><testcase classname="tests.test_issues_1_to_6.TestIssue4DispatchViews" name="test_view_reduces_set" time="4.149" /><testcase classname="tests.test_issues_1_to_6.TestIssue5InstallHandoff" name="test_awaiting_assignment_view" time="1.977" /><testcase classname="tests.test_issues_1_to_6.TestIssue1RegistrationFilter" name="test_registration_stage_filter" time="3.294" /><testcase classname="tests.test_issues_1_to_6.TestIssue4DispatchViews" name="test_past_dispatch_view" time="0.144" /><testcase classname="tests.test_issues_1_to_6.TestIssue2BProjectPrice" name="test_lead_can_set_price_on_create_and_via_endpoint" time="1.043" /><testcase classname="tests.test_issues_1_to_6.TestIssue2BProjectPrice" name="test_price_propagates_on_yes_and_via_endpoint" time="0.620" /><testcase classname="tests.test_issues_1_to_6.TestIssue1RegistrationFilter" name="test_registration_cannot_query_dispatch_scope" time="1.655" /><testcase classname="tests.test_issues_1_to_6.TestIssue3PaymentsMonitor" name="test_row_per_project_with_fields" time="0.117" /><testcase classname="tests.test_issues_1_to_6.TestIssue3PaymentsMonitor" name="test_additional_type_preserved" time="0.419" /><testcase classname="tests.test_issues_1_to_6.TestIssue2AccountsDashboard" name="test_receivable_math_known_project" time="2.135" /><testcase classname="tests.test_issues_7_to_19.TestIssue9ECPStageFilterLead" name="test_lead_can_filter_ecps_by_stage" time="2.734" /><testcase classname="tests.test_issues_7_to_19.TestIssue9ECPStageFilterLead" name="test_lead_can_filter_closed_view" time="0.201" /><testcase classname="tests.test_issues_1_to_6.TestIssue2AccountsDashboard" name="test_accounts_dashboard_has_all_four_fields" time="0.140" /><testcase classname="tests.test_issues_7_to_19.TestIssue12PaymentsDrill" name="test_monitor_project_wise_and_dashboard_match" time="0.721" /><testcase classname="tests.test_issues_7_to_19.TestIssue12PaymentsDrill" name="test_pending_payments_do_not_reduce_receivable" time="1.332" /><testcase classname="tests.backend_test.TestFinancingToggle" name="test_toggle_no_regress" time="2.735" /><testcase classname="tests.test_issues_7_to_19.TestIssue18ManagerTilesAndFilters" name="test_manager_dashboard_tiles" time="2.506" /><testcase classname="tests.test_issues_7_to_19.TestIssue18ManagerTilesAndFilters" name="test_manager_sees_awaiting_assignment_view" time="0.152" /><testcase classname="tests.backend_test.TestSLA" name="test_sla_owner_only" time="0.835" /><testcase classname="tests.backend_test.TestClosure" name="test_only_owner_manager_close" time="3.609" /><testcase classname="tests.backend_test.TestDashboard" name="test_each_role_dashboard" time="1.708" /><testcase classname="tests.test_audit_spec.TestDispatchContinuity" name="test_first_payment_revert_pending_does_not_stop_dispatch" time="5.295" /><testcase classname="tests.test_audit_spec.TestTaskRBAC" name="test_registration_cannot_complete_accounts_task" time="4.107" /><testcase classname="tests.test_audit_spec.TestEscalationsAccess" name="test_manager_cannot_list_or_return" time="0.575" /><testcase classname="tests.test_audit_spec.TestFinancingRBAC" name="test_only_lead_manager_owner_can_toggle" time="2.096" /><testcase classname="tests.test_audit_spec.TestSiteVisitAssigneeOnly" name="test_installation_cannot_complete_others_visit" time="1.792" /><testcase classname="tests.test_issues_7_to_19.TestIssue11FollowupToday" name="test_only_today_followup_date_shown" time="3.286" /><testcase classname="tests.test_issues_7_to_19.TestIssue14AccountsLeadCreator" name="test_monitor_includes_lead_creator_name" time="0.864"><failure message="AssertionError: Payment monitor row must include lead_creator_name&#10;assert 'lead_creator_name' in {'ecp_id': 'e5b13768-9720-4c7a-b764-a7bbe70e2b90', 'lead_name': 'TEST_J_ad69e3', 'customer_phone': '9998887777', 'stage': 'REGISTRATION_1', ...}">E   AssertionError: Payment monitor row must include lead_creator_name
    assert 'lead_creator_name' in {'ecp_id': 'e5b13768-9720-4c7a-b764-a7bbe70e2b90', 'lead_name': 'TEST_J_ad69e3', 'customer_phone': '9998887777', 'stage': 'REGISTRATION_1', ...}</failure></testcase><testcase classname="tests.test_issues_7_to_19.TestIssue10ActionRequired" name="test_pending_filter_returns_action_required" time="2.602" /></testsuite></testsuites>