<?xml version="1.0" encoding="utf-8"?><testsuites name="pytest tests"><testsuite name="pytest" errors="0" failures="0" skipped="0" tests="20" time="84.146" timestamp="2026-09-06T06:04:28.402678+00:00" hostname="agent-env-d4458330-6800-44e8-83f6-67c8f176fa67"><testcase classname="tests.backend_test.TestAuth" name="test_login_all_seeded" time="4.783" /><testcase classname="tests.backend_test.TestAuth" name="test_login_invalid" time="0.513" /><testcase classname="tests.backend_test.TestLeadActions" name="test_yes_creates_ecp_reg1_and_second_yes_rejected" time="6.402" /><testcase classname="tests.backend_test.TestLeadActions" name="test_no_requires_reason_and_other_requires_remarks" time="0.729" /><testcase classname="tests.backend_test.TestLeadActions" name="test_followup_past_rejected_future_ok" time="0.743" /><testcase classname="tests.backend_test.TestAuth" name="test_me" time="2.726" /><testcase classname="tests.backend_test.TestLeadActions" name="test_site_visit_flow" time="2.198" /><testcase classname="tests.backend_test.TestPayments" name="test_only_accounts_creates" time="1.738" /><testcase classname="tests.backend_test.TestPayments" name="test_additional_multiple_allowed" time="0.506" /><testcase classname="tests.backend_test.TestLeadActions" name="test_escalation_and_owner_return" time="1.110" /><testcase classname="tests.backend_test.TestPayments" name="test_monitor_rbac" time="0.802" /><testcase classname="tests.backend_test.TestLeadRBAC" name="test_non_lead_forbidden" time="0.649" /><testcase classname="tests.backend_test.TestLeadActions" name="test_only_owner_reopen_lost" time="0.624" /><testcase classname="tests.backend_test.TestLeadRBAC" name="test_lead_creates_pending" time="0.153" /><testcase classname="tests.backend_test.TestECPFlow" name="test_reg1_financing_tasks_block_and_autoadvance" time="1.658" /><testcase classname="tests.backend_test.TestFinancingToggle" name="test_toggle_no_regress" time="1.284" /><testcase classname="tests.backend_test.TestClosure" name="test_only_owner_manager_close" time="1.281" /><testcase classname="tests.backend_test.TestECPFlow" name="test_full_pipeline_no_financing" time="56.721" /><testcase classname="tests.backend_test.TestDashboard" name="test_each_role_dashboard" time="69.091" /><testcase classname="tests.backend_test.TestSLA" name="test_sla_owner_only" time="0.484" /></testsuite></testsuites>