<?xml version="1.0" encoding="utf-8"?><testsuites name="pytest tests"><testsuite name="pytest" errors="0" failures="0" skipped="0" tests="31" time="87.377" timestamp="2026-09-06T06:19:18.209952+00:00" hostname="agent-env-d4458330-6800-44e8-83f6-67c8f176fa67"><testcase classname="tests.backend_test.TestAuth" name="test_login_all_seeded" time="3.757" /><testcase classname="tests.backend_test.TestLeadActions" name="test_yes_creates_ecp_reg1_and_second_yes_rejected" time="4.431" /><testcase classname="tests.backend_test.TestAuth" name="test_login_invalid" time="0.334" /><testcase classname="tests.backend_test.TestLeadActions" name="test_no_requires_reason_and_other_requires_remarks" time="0.754" /><testcase classname="tests.backend_test.TestLeadActions" name="test_followup_past_rejected_future_ok" time="0.814" /><testcase classname="tests.backend_test.TestLeadActions" name="test_site_visit_flow" time="1.568" /><testcase classname="tests.backend_test.TestAuth" name="test_me" time="2.693" /><testcase classname="tests.backend_test.TestPayments" name="test_only_accounts_creates" time="1.165" /><testcase classname="tests.backend_test.TestLeadActions" name="test_escalation_and_owner_return" time="1.061" /><testcase classname="tests.backend_test.TestPayments" name="test_additional_multiple_allowed" time="0.501" /><testcase classname="tests.backend_test.TestPayments" name="test_monitor_rbac" time="0.824" /><testcase classname="tests.backend_test.TestLeadActions" name="test_only_owner_reopen_lost" time="0.600" /><testcase classname="tests.backend_test.TestLeadRBAC" name="test_non_lead_forbidden" time="0.609" /><testcase classname="tests.backend_test.TestECPFlow" name="test_reg1_financing_tasks_block_and_autoadvance" time="69.886" /><testcase classname="tests.backend_test.TestLeadRBAC" name="test_lead_creates_pending" time="0.117" /><testcase classname="tests.test_audit_spec.TestAuthHardening" name="test_protected_endpoints_401_without_token" time="3.125" /><testcase classname="tests.test_audit_spec.TestAuthHardening" name="test_login_invalid_401" time="0.332" /><testcase classname="tests.test_audit_spec.TestOwnerOnlyEndpoints" name="test_users_owner_only" time="3.976" /><testcase classname="tests.test_audit_spec.TestOwnerOnlyEndpoints" name="test_sla_put_owner_only" time="0.681" /><testcase classname="tests.backend_test.TestFinancingToggle" name="test_toggle_no_regress" time="1.217" /><testcase classname="tests.backend_test.TestClosure" name="test_only_owner_manager_close" time="1.195" /><testcase classname="tests.backend_test.TestSLA" name="test_sla_owner_only" time="0.505" /><testcase classname="tests.backend_test.TestDashboard" name="test_each_role_dashboard" time="0.947" /><testcase classname="tests.test_audit_spec.TestDispatchContinuity" name="test_first_payment_revert_pending_does_not_stop_dispatch" time="40.162" /><testcase classname="tests.test_audit_spec.TestFinancingRBAC" name="test_only_lead_manager_owner_can_toggle" time="1.042" /><testcase classname="tests.test_audit_spec.TestTaskRBAC" name="test_registration_cannot_complete_accounts_task" time="1.082" /><testcase classname="tests.test_audit_spec.TestEscalationsAccess" name="test_manager_cannot_list_or_return" time="0.566" /><testcase classname="tests.test_audit_spec.TestSiteVisitAssigneeOnly" name="test_installation_cannot_complete_others_visit" time="1.398" /><testcase classname="tests.backend_test.TestECPFlow" name="test_full_pipeline_no_financing" time="4.304" /><testcase classname="tests.test_audit_spec.TestOwnerCannotDecideLeadAction" name="test_owner_forbidden_on_all_five_actions" time="3.148" /><testcase classname="tests.test_audit_spec.TestOwnerCannotDecideLeadAction" name="test_manager_also_forbidden" time="0.238" /></testsuite></testsuites>